Host: ::1 - June 29, 2025, 11:11 am
Content REGISTER: {"username":"hihiha","password":"******","phone":""}
-------------------------
Host: ::1 - June 29, 2025, 11:13 am
Content REGISTER: {"username":"concho","password":"******","phone":"**********"}
-------------------------
Host: ::1 - June 29, 2025, 11:14 am
Content REGISTER: {"username":"realbunz1","password":"******","phone":"**********"}
-------------------------
Host: ::1 - June 29, 2025, 11:20 am
Content REGISTER: {"username":"realbunz2","password":"******","phone":"**********"}
-------------------------
Host: ::1 - June 29, 2025, 11:49 am
Content REGISTER: {"username":"realbunz3","password":"******","phone":"**********"}
-------------------------
Host: ::1 - June 29, 2025, 11:50 am
Content REGISTER: {"username":"realbunz4","password":"******","phone":"**********"}
-------------------------
Host: ::1 - June 29, 2025, 11:52 am
Content REGISTER: {"username":"realbunz5","password":"******","phone":"**********"}
-------------------------
Host: ::1 - June 29, 2025, 11:44 pm
Content REGISTER: {"username":"realbunz7","password":"******","phone":"**********"}
-------------------------
